<?xml version="1.0" encoding="UTF-8"?>
<!-- Generated by org.testng.reporters.JUnitXMLReporter -->
<testsuite ignored="0" hostname="DESKTOP-LCHM82S" failures="0" tests="6" name="Default test" time="22.015" errors="0" timestamp="2023-03-25T15:26:35 IST">
  <testcase classname="api.test.DDTests" name="testPostUser" time="5.78"/>
  <testcase classname="api.test.DDTests" name="testPostUser" time="2.494"/>
  <testcase classname="api.test.DDTests" name="testPostUser" time="2.855"/>
  <testcase classname="api.test.DDTests" name="testDeleteUserByName" time="2.092"/>
  <testcase classname="api.test.DDTests" name="testDeleteUserByName" time="4.404"/>
  <testcase classname="api.test.DDTests" name="testDeleteUserByName" time="1.936"/>
</testsuite> <!-- Default test -->
