<?xml version="1.0" encoding="UTF-8"?>
<!-- Generated by org.testng.reporters.JUnitXMLReporter -->
<testsuite ignored="0" hostname="DESKTOP-LCHM82S" failures="0" tests="4" name="PetTest" time="12.304" errors="0" timestamp="2023-03-29T01:23:42 IST">
  <testcase classname="api.test.UserTests" name="testPostUser" time="4.015"/>
  <testcase classname="api.test.UserTests" name="testGetUserByName" time="1.949"/>
  <testcase classname="api.test.UserTests" name="testUpdateUserByName" time="3.45"/>
  <testcase classname="api.test.UserTests" name="testDeleteUserByName" time="1.565"/>
</testsuite> <!-- PetTest -->
