<?xml version="1.0" encoding="UTF-8"?>
<!-- Generated by org.testng.reporters.JUnitXMLReporter -->
<testsuite ignored="0" hostname="DESKTOP-LCHM82S" failures="0" tests="4" name="PetTest" time="13.56" errors="0" timestamp="2023-03-28T23:13:15 IST">
  <testcase classname="api.test.UserTests" name="testPostUser" time="4.613"/>
  <testcase classname="api.test.UserTests" name="testGetUserByName" time="2.02"/>
  <testcase classname="api.test.UserTests" name="testUpdateUserByName" time="3.716"/>
  <testcase classname="api.test.UserTests" name="testDeleteUserByName" time="1.873"/>
</testsuite> <!-- PetTest -->
